<?xml version="1.0" encoding="UTF-8"?>
<testng-results ignored="0" total="1" passed="1" failed="0" skipped="0">
  <reporter-output>
  </reporter-output>
  <suite started-at="2023-03-03T17:36:58 IST" name="Default suite" finished-at="2023-03-03T17:37:10 IST" duration-ms="12258">
    <groups>
    </groups>
    <test started-at="2023-03-03T17:36:58 IST" name="Default test" finished-at="2023-03-03T17:37:10 IST" duration-ms="12258">
      <class name="com.AsianPaints.AsianTestNG">
        <test-method signature="f()[pri:0, instance:com.AsianPaints.AsianTestNG@71def8f8]" started-at="2023-03-03T17:36:58 IST" name="f" finished-at="2023-03-03T17:37:10 IST" duration-ms="12207" status="PASS">
          <reporter-output>
          </reporter-output>
        </test-method> <!-- f -->
      </class> <!-- com.AsianPaints.AsianTestNG -->
    </test> <!-- Default test -->
  </suite> <!-- Default suite -->
</testng-results>
